#
# A fatal error has been detected by the Java Runtime Environment:
#
#  SIGSEGV (0xb) at pc=0x00000001124fa6e2, pid=70736, tid=6403
#
# JRE version: Java(TM) SE Runtime Environment (8.0_45-b14) (build 1.8.0_45-b14)
# Java VM: Java HotSpot(TM) 64-Bit Server VM (25.45-b02 mixed mode bsd-amd64 compressed oops)
# Problematic frame:
# C  [libtesseract.dylib+0x126e2]  _ZN9tesseract9Tesseract15recog_all_wordsEP8PAGE_RESP10ETEXT_DESCPK4TBOXPKci+0xb2
#
# Failed to write core dump. Core dumps have been disabled. To enable core dumping, try "ulimit -c unlimited" before starting Java again
#
# If you would like to submit a bug report, please visit:
#   http://bugreport.java.com/bugreport/crash.jsp
# The crash happened outside the Java Virtual Machine in native code.
# See problematic frame for where to report the bug.
#

---------------  T H R E A D  ---------------

Current thread (0x00007f935e805800):  JavaThread "main" [_thread_in_native, id=6403, stack(0x000070000864d000,0x000070000874d000)]

siginfo: si_signo: 11 (SIGSEGV), si_code: 1 (SEGV_MAPERR), si_addr: 0x000000000000000c

Registers:
RAX=0x0000000000000000, RBX=0x0000000000000000, RCX=0x0000000000000000, RDX=0x00007f935df8d310
RSP=0x000070000874b560, RBP=0x000070000874b6f0, RSI=0x0000000000000001, RDI=0x000070000874b600
R8 =0x0000000000000000, R9 =0x0000000000000000, R10=0x00007fff8902fda8, R11=0x0000000112603188
R12=0x00007f935eb56e00, R13=0x0000000000000000, R14=0x0000000000000000, R15=0x0000000000000000
RIP=0x00000001124fa6e2, EFLAGS=0x0000000000010246, ERR=0x0000000000000004
  TRAPNO=0x000000000000000e

Top of Stack: (sp=0x000070000874b560)
0x000070000874b560:   0000000000000000 0000000000000000
0x000070000874b570:   0000000000000000 00007f935df8d240
0x000070000874b580:   0000000000000000 0000000000000000
0x000070000874b590:   0000000000000000 0000000000000000
0x000070000874b5a0:   0000000000000000 0000000000000000
0x000070000874b5b0:   00007f935df8d240 0000000000000000
0x000070000874b5c0:   0000000000000000 0000000000000000
0x000070000874b5d0:   00007f935df917f0 00007f935df90750
0x000070000874b5e0:   00007f935df8d310 0000000000000000
0x000070000874b5f0:   0000000000000000 0000000000000000
0x000070000874b600:   00007f935df8d248 00007f935df8d310
0x000070000874b610:   00007f935df8d310 00007f935df8d310
0x000070000874b620:   00007f935df90000 00007f935df8d310
0x000070000874b630:   00007f935df8d201 00007f935df8d338
0x000070000874b640:   00007f935df90750 00007f935df90750
0x000070000874b650:   00007f935df90750 00000001125f0000
0x000070000874b660:   00007f935df90750 00007f935df8d201
0x000070000874b670:   00007f935df90770 00007f935df91aa0
0x000070000874b680:   00007f935df917f0 00007f935df90780
0x000070000874b690:   00007f935eb50000 00007f935df917f0
0x000070000874b6a0:   0000000000000001 0000000000000000
0x000070000874b6b0:   00007f935eb59401 000070000874b701
0x000070000874b6c0:   0000000000000000 000070000874b701
0x000070000874b6d0:   00007f935df8d240 00007f935eb56e00
0x000070000874b6e0:   00000000ffffffff 00007f936045d370
0x000070000874b6f0:   000070000874b760 00000001124ec534
0x000070000874b700:   00007f936045d370 000000010bcae8a0
0x000070000874b710:   00000001138369d0 0000000000000000
0x000070000874b720:   0000000000000000 00007f936045d370
0x000070000874b730:   01000001138369d0 00007f936045d370
0x000070000874b740:   0000000000000008 0000000000000001
0x000070000874b750:   0000000000000000 000070000874b8e0 

Instructions: (pc=0x00000001124fa6e2)
0x00000001124fa6c2:   24 c0 16 00 00 00 7e 0d 4d 89 f5 4c 89 e7 e8 bb
0x00000001124fa6d2:   3f 14 00 eb 19 4d 89 f5 49 8b 84 24 10 0b 00 00
0x00000001124fa6e2:   80 78 0c 00 74 08 4c 89 e7 e8 ac 3f 14 00 41 83
0x00000001124fa6f2:   bc 24 f8 4b 00 00 00 7e 41 31 db 49 8b 84 24 00 

Register to memory mapping:

RAX=0x0000000000000000 is an unknown value
RBX=0x0000000000000000 is an unknown value
RCX=0x0000000000000000 is an unknown value
RDX=0x00007f935df8d310 is an unknown value
RSP=0x000070000874b560 is pointing into the stack for thread: 0x00007f935e805800
RBP=0x000070000874b6f0 is pointing into the stack for thread: 0x00007f935e805800
RSI=0x0000000000000001 is an unknown value
RDI=0x000070000874b600 is pointing into the stack for thread: 0x00007f935e805800
R8 =0x0000000000000000 is an unknown value
R9 =0x0000000000000000 is an unknown value
R10=0x00007fff8902fda8: _ZL12sGlobalMutex+0x18 in /usr/lib/system/libdyld.dylib at 0x00007fff50549000
R11=0x0000000112603188: _ZN11PAGE_RES_IT16internal_forwardEbb+0 in /usr/local/lib/libtesseract.dylib at 0x00000001124e8000
R12=0x00007f935eb56e00 is an unknown value
R13=0x0000000000000000 is an unknown value
R14=0x0000000000000000 is an unknown value
R15=0x0000000000000000 is an unknown value


Stack: [0x000070000864d000,0x000070000874d000],  sp=0x000070000874b560,  free space=1017k
Native frames: (J=compiled Java code, j=interpreted, Vv=VM code, C=native code)
C  [libtesseract.dylib+0x126e2]  _ZN9tesseract9Tesseract15recog_all_wordsEP8PAGE_RESP10ETEXT_DESCPK4TBOXPKci+0xb2
C  [libtesseract.dylib+0x4534]  _ZN9tesseract11TessBaseAPI9RecognizeEP10ETEXT_DESC+0x2e0
C  [libtesseract.dylib+0x316c]  _ZN9tesseract11TessBaseAPI11GetUTF8TextEv+0x30
C  [jna3690609876709712661.tmp+0xd94c]  ffi_call_unix64+0x4c
C  0x000070000874c230

Java frames: (J=compiled Java code, j=interpreted, Vv=VM code)
j  com.sun.jna.Native.invokePointer(JI[Ljava/lang/Object;)J+0
j  com.sun.jna.Function.invokePointer(I[Ljava/lang/Object;)Lcom/sun/jna/Pointer;+6
j  com.sun.jna.Function.invoke([Ljava/lang/Object;Ljava/lang/Class;Z)Ljava/lang/Object;+426
j  com.sun.jna.Function.invoke(Ljava/lang/Class;[Ljava/lang/Object;Ljava/util/Map;)Ljava/lang/Object;+262
j  com.sun.jna.Library$Handler.invoke(Ljava/lang/Object;Ljava/lang/reflect/Method;[Ljava/lang/Object;)Ljava/lang/Object;+316
j  com.sun.proxy.$Proxy0.TessBaseAPIGetUTF8Text(Lnet/sourceforge/tess4j/ITessAPI$TessBaseAPI;)Lcom/sun/jna/Pointer;+16
j  net.sourceforge.tess4j.Tesseract.getOCRText(Ljava/lang/String;I)Ljava/lang/String;+62
j  net.sourceforge.tess4j.Tesseract.doOCR(Ljava/util/List;Ljava/lang/String;Ljava/awt/Rectangle;)Ljava/lang/String;+62
j  net.sourceforge.tess4j.Tesseract.doOCR(Ljava/io/File;Ljava/awt/Rectangle;)Ljava/lang/String;+10
j  net.sourceforge.tess4j.Tesseract.doOCR(Ljava/io/File;)Ljava/lang/String;+3
j  test.Tess4jUtils.getOCRText(Lnet/sourceforge/tess4j/ITesseract;Ljava/io/File;)Ljava/lang/String;+4
j  test.Tess4jUtils.readChar(Ljava/lang/String;Ljava/lang/String;Ljava/lang/String;)Ljava/lang/String;+37
j  test.Tess4jUtils.main([Ljava/lang/String;)V+20
v  ~StubRoutines::call_stub

---------------  P R O C E S S  ---------------

Java Threads: ( => current thread )
  0x00007f935ea81000 JavaThread "Java2D Disposer" daemon [_thread_blocked, id=50463, stack(0x0000700009703000,0x0000700009803000)]
  0x00007f935e165000 JavaThread "AWT-Shutdown" [_thread_blocked, id=25643, stack(0x0000700009477000,0x0000700009577000)]
  0x00007f935e0ce800 JavaThread "AWT-AppKit" daemon [_thread_in_native, id=775, stack(0x00007ffee9f84000,0x00007ffeea784000)]
  0x00007f935f01c800 JavaThread "Service Thread" daemon [_thread_blocked, id=15107, stack(0x0000700009271000,0x0000700009371000)]
  0x00007f935f004000 JavaThread "C1 CompilerThread2" daemon [_thread_blocked, id=18435, stack(0x000070000916e000,0x000070000926e000)]
  0x00007f935f003800 JavaThread "C2 CompilerThread1" daemon [_thread_blocked, id=18947, stack(0x000070000906b000,0x000070000916b000)]
  0x00007f935f01c000 JavaThread "C2 CompilerThread0" daemon [_thread_blocked, id=19203, stack(0x0000700008f68000,0x0000700009068000)]
  0x00007f935e81b000 JavaThread "Signal Dispatcher" daemon [_thread_blocked, id=14087, stack(0x0000700008e65000,0x0000700008f65000)]
  0x00007f935e02d000 JavaThread "Finalizer" daemon [_thread_blocked, id=12291, stack(0x0000700008d62000,0x0000700008e62000)]
  0x00007f935e02c800 JavaThread "Reference Handler" daemon [_thread_blocked, id=20995, stack(0x0000700008c5f000,0x0000700008d5f000)]
=>0x00007f935e805800 JavaThread "main" [_thread_in_native, id=6403, stack(0x000070000864d000,0x000070000874d000)]

Other Threads:
  0x00007f935e029800 VMThread [stack: 0x0000700008b5c000,0x0000700008c5c000] [id=11779]
  0x00007f935e05e800 WatcherThread [stack: 0x0000700009374000,0x0000700009474000] [id=15619]

VM state:not at safepoint (normal execution)

VM Mutex/Monitor currently owned by a thread: None

Heap:
 PSYoungGen      total 38400K, used 24750K [0x0000000795580000, 0x0000000798000000, 0x00000007c0000000)
  eden space 33280K, 74% used [0x0000000795580000,0x0000000796dabba8,0x0000000797600000)
  from space 5120K, 0% used [0x0000000797b00000,0x0000000797b00000,0x0000000798000000)
  to   space 5120K, 0% used [0x0000000797600000,0x0000000797600000,0x0000000797b00000)
 ParOldGen       total 87552K, used 0K [0x0000000740000000, 0x0000000745580000, 0x0000000795580000)
  object space 87552K, 0% used [0x0000000740000000,0x0000000740000000,0x0000000745580000)
 Metaspace       used 9542K, capacity 9734K, committed 9984K, reserved 1058816K
  class space    used 1113K, capacity 1177K, committed 1280K, reserved 1048576K

Card table byte_map: [0x0000000107129000,0x000000010752a000] byte_map_base: 0x0000000103729000

Marking Bits: (ParMarkBitMap*) 0x00000001066c27a0
 Begin Bits: [0x00000001077d5000, 0x00000001097d5000)
 End Bits:   [0x00000001097d5000, 0x000000010b7d5000)

Polling page: 0x00000001054f8000

CodeCache: size=245760Kb used=3159Kb max_used=3175Kb free=242600Kb
 bounds [0x000000011382f000, 0x0000000113b4f000, 0x000000012282f000]
 total_blobs=1140 nmethods=778 adapters=276
 compilation: enabled

Compilation events (10 events):
Event: 2.324 Thread 0x00007f935f004000 nmethod 774 0x0000000113b42110 code [0x0000000113b422e0, 0x0000000113b429c8]
Event: 2.324 Thread 0x00007f935f004000  776       3       java.lang.Class::reflectionData (49 bytes)
Event: 2.324 Thread 0x00007f935f004000 nmethod 776 0x0000000113b42d90 code [0x0000000113b42f20, 0x0000000113b43428]
Event: 2.327 Thread 0x00007f935f004000  777       3       sun.reflect.ClassFileAssembler::emitShort (24 bytes)
Event: 2.327 Thread 0x00007f935f004000 nmethod 777 0x0000000113b43590 code [0x0000000113b43720, 0x0000000113b43a78]
Event: 2.327 Thread 0x00007f935f004000  778       1       java.nio.charset.Charset::name (5 bytes)
Event: 2.327 Thread 0x00007f935f004000 nmethod 778 0x0000000113b43c50 code [0x0000000113b43da0, 0x0000000113b43eb0]
Event: 2.327 Thread 0x00007f935f004000  779       3       java.lang.Class::checkInitted (19 bytes)
Event: 2.327 Thread 0x00007f935f004000 nmethod 779 0x0000000113b43f10 code [0x0000000113b440a0, 0x0000000113b44368]
Event: 2.332 Thread 0x00007f935f01c000 nmethod 740% 0x0000000113b48510 code [0x0000000113b486c0, 0x0000000113b49b58]

GC Heap History (0 events):
No events

Deoptimization events (3 events):
Event: 1.966 Thread 0x00007f935e805800 Uncommon trap: reason=unstable_if action=reinterpret pc=0x0000000113979aa4 method=sun.nio.cs.UTF_8$Encoder.encode([CII[B)I @ 33
Event: 2.127 Thread 0x00007f935e805800 Uncommon trap: reason=unstable_if action=reinterpret pc=0x0000000113aa5808 method=java.util.HashMap.getNode(ILjava/lang/Object;)Ljava/util/HashMap$Node; @ 129
Event: 2.127 Thread 0x00007f935e805800 Uncommon trap: reason=unstable_if action=reinterpret pc=0x0000000113aa38a0 method=java.util.HashMap.getNode(ILjava/lang/Object;)Ljava/util/HashMap$Node; @ 129

Internal exceptions (10 events):
Event: 0.147 Thread 0x00007f935e805800 Exception <a 'java/security/PrivilegedActionException'> (0x000000079582ac00) thrown at [/Users/java_re/workspace/8-2-build-macosx-x86_64/jdk8u45/3457/hotspot/src/share/vm/prims/jvm.cpp, line 1382]
Event: 0.168 Thread 0x00007f935e805800 Exception <a 'java/security/PrivilegedActionException'> (0x000000079588d318) thrown at [/Users/java_re/workspace/8-2-build-macosx-x86_64/jdk8u45/3457/hotspot/src/share/vm/prims/jvm.cpp, line 1382]
Event: 0.168 Thread 0x00007f935e805800 Exception <a 'java/security/PrivilegedActionException'> (0x000000079588d4d0) thrown at [/Users/java_re/workspace/8-2-build-macosx-x86_64/jdk8u45/3457/hotspot/src/share/vm/prims/jvm.cpp, line 1382]
Event: 0.168 Thread 0x00007f935e805800 Exception <a 'java/security/PrivilegedActionException'> (0x00000007958906c0) thrown at [/Users/java_re/workspace/8-2-build-macosx-x86_64/jdk8u45/3457/hotspot/src/share/vm/prims/jvm.cpp, line 1382]
Event: 0.168 Thread 0x00007f935e805800 Exception <a 'java/security/PrivilegedActionException'> (0x0000000795890878) thrown at [/Users/java_re/workspace/8-2-build-macosx-x86_64/jdk8u45/3457/hotspot/src/share/vm/prims/jvm.cpp, line 1382]
Event: 0.200 Thread 0x00007f935e805800 Exception <a 'java/io/FileNotFoundException'> (0x0000000795a19100) thrown at [/Users/java_re/workspace/8-2-build-macosx-x86_64/jdk8u45/3457/hotspot/src/share/vm/prims/jni.cpp, line 709]
Event: 1.858 Thread 0x00007f935e805800 Exception <a 'java/io/FileNotFoundException'> (0x0000000795bd1b48) thrown at [/Users/java_re/workspace/8-2-build-macosx-x86_64/jdk8u45/3457/hotspot/src/share/vm/prims/jni.cpp, line 709]
Event: 1.858 Thread 0x00007f935e805800 Exception <a 'java/io/FileNotFoundException'> (0x0000000795bd2600) thrown at [/Users/java_re/workspace/8-2-build-macosx-x86_64/jdk8u45/3457/hotspot/src/share/vm/prims/jni.cpp, line 709]
Event: 1.947 Thread 0x00007f935e805800 Exception <a 'java/lang/NoSuchFieldError': method resolution failed> (0x0000000795f55548) thrown at [/Users/java_re/workspace/8-2-build-macosx-x86_64/jdk8u45/3457/hotspot/src/share/vm/prims/methodHandles.cpp, line 1125]
Event: 1.949 Thread 0x00007f935e805800 Exception <a 'java/lang/NoSuchFieldError': method resolution failed> (0x0000000795f63ea8) thrown at [/Users/java_re/workspace/8-2-build-macosx-x86_64/jdk8u45/3457/hotspot/src/share/vm/prims/methodHandles.cpp, line 1125]

Events (10 events):
Event: 2.310 loading class com/github/jaiimageio/plugins/tiff/GeoTIFFTagSet$GeoDoubleParams
Event: 2.310 loading class com/github/jaiimageio/plugins/tiff/GeoTIFFTagSet$GeoDoubleParams done
Event: 2.310 loading class com/github/jaiimageio/plugins/tiff/GeoTIFFTagSet$GeoAsciiParams
Event: 2.310 loading class com/github/jaiimageio/plugins/tiff/GeoTIFFTagSet$GeoAsciiParams done
Event: 2.322 loading class java/nio/DirectByteBuffer$Deallocator
Event: 2.323 loading class java/nio/DirectByteBuffer$Deallocator done
Event: 2.323 loading class java/lang/StrictMath
Event: 2.323 loading class java/lang/StrictMath done
Event: 2.323 loading class com/sun/jna/Native$Buffers
Event: 2.323 loading class com/sun/jna/Native$Buffers done


Dynamic libraries:
0x0000000000b6a000 	/System/Library/Frameworks/Cocoa.framework/Versions/A/Cocoa
0x0000000000b6a000 	/System/Library/Frameworks/Security.framework/Versions/A/Security
0x0000000000b6a000 	/System/Library/Frameworks/ApplicationServices.framework/Versions/A/ApplicationServices
0x0000000000b6a000 	/usr/lib/libz.1.dylib
0x0000000000b6a000 	/usr/lib/libSystem.B.dylib
0x0000000000b6a000 	/usr/lib/libobjc.A.dylib
0x0000000000b6a000 	/System/Library/Frameworks/CoreFoundation.framework/Versions/A/CoreFoundation
0x0000000000b6a000 	/System/Library/Frameworks/Foundation.framework/Versions/C/Foundation
0x0000000000b6a000 	/System/Library/Frameworks/AppKit.framework/Versions/C/AppKit
0x0000000000b6a000 	/System/Library/Frameworks/CoreData.framework/Versions/A/CoreData
0x0000000000b6a000 	/System/Library/PrivateFrameworks/RemoteViewServices.framework/Versions/A/RemoteViewServices
0x0000000000b6a000 	/System/Library/PrivateFrameworks/UIFoundation.framework/Versions/A/UIFoundation
0x0000000000b6a000 	/System/Library/PrivateFrameworks/DFRFoundation.framework/Versions/A/DFRFoundation
0x0000000000b6a000 	/System/Library/Frameworks/Metal.framework/Versions/A/Metal
0x0000000000b6a000 	/System/Library/PrivateFrameworks/DesktopServicesPriv.framework/Versions/A/DesktopServicesPriv
0x0000000000b6a000 	/usr/lib/libenergytrace.dylib
0x0000000000b6a000 	/System/Library/PrivateFrameworks/SkyLight.framework/Versions/A/SkyLight
0x0000000000b6a000 	/System/Library/Frameworks/CoreGraphics.framework/Versions/A/CoreGraphics
0x0000000000b6a000 	/usr/lib/libScreenReader.dylib
0x0000000000b6a000 	/System/Library/Frameworks/Accelerate.framework/Versions/A/Accelerate
0x0000000000b6a000 	/System/Library/Frameworks/IOSurface.framework/Versions/A/IOSurface
0x0000000000b6a000 	/System/Library/Frameworks/AudioToolbox.framework/Versions/A/AudioToolbox
0x0000000000b6a000 	/System/Library/Frameworks/AudioUnit.framework/Versions/A/AudioUnit
0x0000000000b6a000 	/System/Library/PrivateFrameworks/DataDetectorsCore.framework/Versions/A/DataDetectorsCore
0x0000000000b6a000 	/System/Library/Frameworks/Carbon.framework/Versions/A/Frameworks/HIToolbox.framework/Versions/A/HIToolbox
0x0000000000b6a000 	/usr/lib/libicucore.A.dylib
0x0000000000b6a000 	/System/Library/Frameworks/QuartzCore.framework/Versions/A/QuartzCore
0x0000000000b6a000 	/System/Library/PrivateFrameworks/SignpostNotification.framework/Versions/A/SignpostNotification
0x0000000000b6a000 	/System/Library/Frameworks/Carbon.framework/Versions/A/Frameworks/SpeechRecognition.framework/Versions/A/SpeechRecognition
0x0000000000b6a000 	/usr/lib/libauto.dylib
0x0000000000b6a000 	/usr/lib/libxml2.2.dylib
0x0000000000b6a000 	/System/Library/PrivateFrameworks/CoreUI.framework/Versions/A/CoreUI
0x0000000000b6a000 	/System/Library/Frameworks/CoreAudio.framework/Versions/A/CoreAudio
0x0000000000b6a000 	/System/Library/Frameworks/DiskArbitration.framework/Versions/A/DiskArbitration
0x0000000000b6a000 	/usr/lib/liblangid.dylib
0x0000000000b6a000 	/System/Library/PrivateFrameworks/MultitouchSupport.framework/Versions/A/MultitouchSupport
0x0000000000b6a000 	/System/Library/Frameworks/IOKit.framework/Versions/A/IOKit
0x0000000000b6a000 	/usr/lib/libDiagnosticMessagesClient.dylib
0x0000000000b6a000 	/System/Library/Frameworks/CoreServices.framework/Versions/A/CoreServices
0x0000000000b6a000 	/System/Library/PrivateFrameworks/PerformanceAnalysis.framework/Versions/A/PerformanceAnalysis
0x0000000000b6a000 	/System/Library/Frameworks/OpenGL.framework/Versions/A/OpenGL
0x0000000000b6a000 	/System/Library/Frameworks/ColorSync.framework/Versions/A/ColorSync
0x0000000000b6a000 	/System/Library/Frameworks/CoreImage.framework/Versions/A/CoreImage
0x0000000000b6a000 	/System/Library/Frameworks/CoreText.framework/Versions/A/CoreText
0x0000000000b6a000 	/System/Library/Frameworks/ImageIO.framework/Versions/A/ImageIO
0x0000000000b6a000 	/System/Library/PrivateFrameworks/Backup.framework/Versions/A/Backup
0x0000000000b6a000 	/usr/lib/libarchive.2.dylib
0x0000000000b6a000 	/System/Library/Frameworks/CFNetwork.framework/Versions/A/CFNetwork
0x0000000000b6a000 	/System/Library/Frameworks/SystemConfiguration.framework/Versions/A/SystemConfiguration
0x0000000000b6a000 	/usr/lib/libCRFSuite.dylib
0x0000000000b6a000 	/usr/lib/libc++.1.dylib
0x0000000000b6a000 	/usr/lib/libc++abi.dylib
0x0000000000b6a000 	/usr/lib/system/libcache.dylib
0x0000000000b6a000 	/usr/lib/system/libcommonCrypto.dylib
0x0000000000b6a000 	/usr/lib/system/libcompiler_rt.dylib
0x0000000000b6a000 	/usr/lib/system/libcopyfile.dylib
0x0000000000b6a000 	/usr/lib/system/libcorecrypto.dylib
0x0000000000b6a000 	/usr/lib/system/libdispatch.dylib
0x0000000000b6a000 	/usr/lib/system/libdyld.dylib
0x0000000000b6a000 	/usr/lib/system/libkeymgr.dylib
0x0000000000b6a000 	/usr/lib/system/liblaunch.dylib
0x0000000000b6a000 	/usr/lib/system/libmacho.dylib
0x0000000000b6a000 	/usr/lib/system/libquarantine.dylib
0x0000000000b6a000 	/usr/lib/system/libremovefile.dylib
0x0000000000b6a000 	/usr/lib/system/libsystem_asl.dylib
0x0000000000b6a000 	/usr/lib/system/libsystem_blocks.dylib
0x0000000000b6a000 	/usr/lib/system/libsystem_c.dylib
0x0000000000b6a000 	/usr/lib/system/libsystem_configuration.dylib
0x0000000000b6a000 	/usr/lib/system/libsystem_coreservices.dylib
0x0000000000b6a000 	/usr/lib/system/libsystem_darwin.dylib
0x0000000000b6a000 	/usr/lib/system/libsystem_dnssd.dylib
0x0000000000b6a000 	/usr/lib/system/libsystem_info.dylib
0x0000000000b6a000 	/usr/lib/system/libsystem_m.dylib
0x0000000000b6a000 	/usr/lib/system/libsystem_malloc.dylib
0x0000000000b6a000 	/usr/lib/system/libsystem_network.dylib
0x0000000000b6a000 	/usr/lib/system/libsystem_networkextension.dylib
0x0000000000b6a000 	/usr/lib/system/libsystem_notify.dylib
0x0000000000b6a000 	/usr/lib/system/libsystem_sandbox.dylib
0x0000000000b6a000 	/usr/lib/system/libsystem_secinit.dylib
0x0000000000b6a000 	/usr/lib/system/libsystem_kernel.dylib
0x0000000000b6a000 	/usr/lib/system/libsystem_platform.dylib
0x0000000000b6a000 	/usr/lib/system/libsystem_pthread.dylib
0x0000000000b6a000 	/usr/lib/system/libsystem_symptoms.dylib
0x0000000000b6a000 	/usr/lib/system/libsystem_trace.dylib
0x0000000000b6a000 	/usr/lib/system/libunwind.dylib
0x0000000000b6a000 	/usr/lib/system/libxpc.dylib
0x0000000000b6a000 	/usr/lib/closure/libclosured.dylib
0x0000000000b6a000 	/usr/lib/libbsm.0.dylib
0x0000000000b6a000 	/usr/lib/system/libkxld.dylib
0x0000000000b6a000 	/usr/lib/libOpenScriptingUtil.dylib
0x0000000000b6a000 	/usr/lib/libcoretls.dylib
0x0000000000b6a000 	/usr/lib/libcoretls_cfhelpers.dylib
0x0000000000b6a000 	/usr/lib/libpam.2.dylib
0x0000000000b6a000 	/usr/lib/libsqlite3.dylib
0x0000000000b6a000 	/usr/lib/libxar.1.dylib
0x0000000000b6a000 	/usr/lib/libbz2.1.0.dylib
0x0000000000b6a000 	/usr/lib/liblzma.5.dylib
0x0000000000b6a000 	/usr/lib/libnetwork.dylib
0x0000000000b6a000 	/usr/lib/libapple_nghttp2.dylib
0x0000000000b6a000 	/usr/lib/libpcap.A.dylib
0x0000000000b6a000 	/usr/lib/libboringssl.dylib
0x0000000000b6a000 	/usr/lib/libusrtcp.dylib
0x0000000000b6a000 	/usr/lib/libapple_crypto.dylib
0x0000000000b6a000 	/System/Library/Frameworks/CoreServices.framework/Versions/A/Frameworks/FSEvents.framework/Versions/A/FSEvents
0x0000000000b6a000 	/System/Library/Frameworks/CoreServices.framework/Versions/A/Frameworks/CarbonCore.framework/Versions/A/CarbonCore
0x0000000000b6a000 	/System/Library/Frameworks/CoreServices.framework/Versions/A/Frameworks/Metadata.framework/Versions/A/Metadata
0x0000000000b6a000 	/System/Library/Frameworks/CoreServices.framework/Versions/A/Frameworks/OSServices.framework/Versions/A/OSServices
0x0000000000b6a000 	/System/Library/Frameworks/CoreServices.framework/Versions/A/Frameworks/SearchKit.framework/Versions/A/SearchKit
0x0000000000b6a000 	/System/Library/Frameworks/CoreServices.framework/Versions/A/Frameworks/AE.framework/Versions/A/AE
0x0000000000b6a000 	/System/Library/Frameworks/CoreServices.framework/Versions/A/Frameworks/LaunchServices.framework/Versions/A/LaunchServices
0x0000000000b6a000 	/System/Library/Frameworks/CoreServices.framework/Versions/A/Frameworks/DictionaryServices.framework/Versions/A/DictionaryServices
0x0000000000b6a000 	/System/Library/Frameworks/CoreServices.framework/Versions/A/Frameworks/SharedFileList.framework/Versions/A/SharedFileList
0x0000000000b6a000 	/System/Library/Frameworks/NetFS.framework/Versions/A/NetFS
0x0000000000b6a000 	/System/Library/PrivateFrameworks/NetAuth.framework/Versions/A/NetAuth
0x0000000000b6a000 	/System/Library/PrivateFrameworks/login.framework/Versions/A/Frameworks/loginsupport.framework/Versions/A/loginsupport
0x0000000000b6a000 	/System/Library/PrivateFrameworks/TCC.framework/Versions/A/TCC
0x0000000000b6a000 	/usr/lib/libmecabra.dylib
0x0000000000b6a000 	/System/Library/Frameworks/ApplicationServices.framework/Versions/A/Frameworks/ATS.framework/Versions/A/ATS
0x0000000000b6a000 	/System/Library/Frameworks/ApplicationServices.framework/Versions/A/Frameworks/ColorSyncLegacy.framework/Versions/A/ColorSyncLegacy
0x0000000000b6a000 	/System/Library/Frameworks/ApplicationServices.framework/Versions/A/Frameworks/HIServices.framework/Versions/A/HIServices
0x0000000000b6a000 	/System/Library/Frameworks/ApplicationServices.framework/Versions/A/Frameworks/LangAnalysis.framework/Versions/A/LangAnalysis
0x0000000000b6a000 	/System/Library/Frameworks/ApplicationServices.framework/Versions/A/Frameworks/PrintCore.framework/Versions/A/PrintCore
0x0000000000b6a000 	/System/Library/Frameworks/ApplicationServices.framework/Versions/A/Frameworks/QD.framework/Versions/A/QD
0x0000000000b6a000 	/System/Library/Frameworks/ApplicationServices.framework/Versions/A/Frameworks/SpeechSynthesis.framework/Versions/A/SpeechSynthesis
0x0000000000b6a000 	/System/Library/Frameworks/CoreDisplay.framework/Versions/A/CoreDisplay
0x0000000000b6a000 	/System/Library/Frameworks/Accelerate.framework/Versions/A/Frameworks/vImage.framework/Versions/A/vImage
0x0000000000b6a000 	/System/Library/Frameworks/Accelerate.framework/Versions/A/Frameworks/vecLib.framework/Versions/A/vecLib
0x0000000000b6a000 	/System/Library/Frameworks/Accelerate.framework/Versions/A/Frameworks/vecLib.framework/Versions/A/libvDSP.dylib
0x0000000000b6a000 	/System/Library/Frameworks/Accelerate.framework/Versions/A/Frameworks/vecLib.framework/Versions/A/libBNNS.dylib
0x0000000000b6a000 	/System/Library/Frameworks/Accelerate.framework/Versions/A/Frameworks/vecLib.framework/Versions/A/libQuadrature.dylib
0x0000000000b6a000 	/System/Library/Frameworks/Accelerate.framework/Versions/A/Frameworks/vecLib.framework/Versions/A/libvMisc.dylib
0x0000000000b6a000 	/System/Library/Frameworks/Accelerate.framework/Versions/A/Frameworks/vecLib.framework/Versions/A/libLAPACK.dylib
0x0000000000b6a000 	/System/Library/Frameworks/Accelerate.framework/Versions/A/Frameworks/vecLib.framework/Versions/A/libBLAS.dylib
0x0000000000b6a000 	/System/Library/Frameworks/Accelerate.framework/Versions/A/Frameworks/vecLib.framework/Versions/A/libLinearAlgebra.dylib
0x0000000000b6a000 	/System/Library/Frameworks/Accelerate.framework/Versions/A/Frameworks/vecLib.framework/Versions/A/libSparse.dylib
0x0000000000b6a000 	/System/Library/Frameworks/Accelerate.framework/Versions/A/Frameworks/vecLib.framework/Versions/A/libSparseBLAS.dylib
0x0000000000b6a000 	/System/Library/PrivateFrameworks/GPUWrangler.framework/Versions/A/GPUWrangler
0x0000000000b6a000 	/System/Library/PrivateFrameworks/IOAccelerator.framework/Versions/A/IOAccelerator
0x0000000000b6a000 	/System/Library/PrivateFrameworks/IOPresentment.framework/Versions/A/IOPresentment
0x0000000000b6a000 	/System/Library/PrivateFrameworks/DSExternalDisplay.framework/Versions/A/DSExternalDisplay
0x0000000000b6a000 	/System/Library/Frameworks/OpenGL.framework/Versions/A/Libraries/libCoreFSCache.dylib
0x0000000000b6a000 	/System/Library/Frameworks/CoreVideo.framework/Versions/A/CoreVideo
0x0000000000b6a000 	/System/Library/PrivateFrameworks/GraphVisualizer.framework/Versions/A/GraphVisualizer
0x0000000000b6a000 	/System/Library/Frameworks/MetalPerformanceShaders.framework/Versions/A/MetalPerformanceShaders
0x0000000000b6a000 	/usr/lib/libFosl_dynamic.dylib
0x0000000000b6a000 	/System/Library/PrivateFrameworks/FaceCore.framework/Versions/A/FaceCore
0x0000000000b6a000 	/System/Library/Frameworks/OpenCL.framework/Versions/A/OpenCL
0x0000000000b6a000 	/usr/lib/libcompression.dylib
0x0000000000b6a000 	/System/Library/Frameworks/ApplicationServices.framework/Versions/A/Frameworks/ATS.framework/Versions/A/Resources/libFontParser.dylib
0x0000000000b6a000 	/System/Library/Frameworks/ApplicationServices.framework/Versions/A/Frameworks/ATS.framework/Versions/A/Resources/libFontRegistry.dylib
0x0000000000b6a000 	/System/Library/Frameworks/ImageIO.framework/Versions/A/Resources/libJPEG.dylib
0x0000000000b6a000 	/System/Library/Frameworks/ImageIO.framework/Versions/A/Resources/libTIFF.dylib
0x0000000000b6a000 	/System/Library/Frameworks/ImageIO.framework/Versions/A/Resources/libPng.dylib
0x0000000000b6a000 	/System/Library/Frameworks/ImageIO.framework/Versions/A/Resources/libGIF.dylib
0x0000000000b6a000 	/System/Library/Frameworks/ImageIO.framework/Versions/A/Resources/libJP2.dylib
0x0000000000b6a000 	/System/Library/Frameworks/ImageIO.framework/Versions/A/Resources/libRadiance.dylib
0x0000000000b6a000 	/System/Library/PrivateFrameworks/AppleJPEG.framework/Versions/A/AppleJPEG
0x0000000000b6a000 	/System/Library/Frameworks/MetalPerformanceShaders.framework/Frameworks/MPSCore.framework/Versions/A/MPSCore
0x0000000000b6a000 	/System/Library/Frameworks/MetalPerformanceShaders.framework/Frameworks/MPSImage.framework/Versions/A/MPSImage
0x0000000000b6a000 	/System/Library/Frameworks/MetalPerformanceShaders.framework/Frameworks/MPSNeuralNetwork.framework/Versions/A/MPSNeuralNetwork
0x0000000000b6a000 	/System/Library/Frameworks/MetalPerformanceShaders.framework/Frameworks/MPSMatrix.framework/Versions/A/MPSMatrix
0x0000000000b6a000 	/System/Library/PrivateFrameworks/MetalTools.framework/Versions/A/MetalTools
0x0000000000b6a000 	/System/Library/Frameworks/OpenGL.framework/Versions/A/Libraries/libGLU.dylib
0x0000000000b6a000 	/System/Library/Frameworks/OpenGL.framework/Versions/A/Libraries/libGFXShared.dylib
0x0000000000b6a000 	/System/Library/Frameworks/OpenGL.framework/Versions/A/Libraries/libGL.dylib
0x0000000000b6a000 	/System/Library/Frameworks/OpenGL.framework/Versions/A/Libraries/libGLImage.dylib
0x0000000000b6a000 	/System/Library/Frameworks/OpenGL.framework/Versions/A/Libraries/libCVMSPluginSupport.dylib
0x0000000000b6a000 	/System/Library/Frameworks/OpenGL.framework/Versions/A/Libraries/libCoreVMClient.dylib
0x0000000000b6a000 	/usr/lib/libcups.2.dylib
0x0000000000b6a000 	/System/Library/Frameworks/Kerberos.framework/Versions/A/Kerberos
0x0000000000b6a000 	/System/Library/Frameworks/GSS.framework/Versions/A/GSS
0x0000000000b6a000 	/usr/lib/libresolv.9.dylib
0x0000000000b6a000 	/usr/lib/libiconv.2.dylib
0x0000000000b6a000 	/System/Library/PrivateFrameworks/Heimdal.framework/Versions/A/Heimdal
0x0000000000b6a000 	/usr/lib/libheimdal-asn1.dylib
0x0000000000b6a000 	/System/Library/Frameworks/OpenDirectory.framework/Versions/A/OpenDirectory
0x0000000000b6a000 	/System/Library/PrivateFrameworks/CommonAuth.framework/Versions/A/CommonAuth
0x0000000000b6a000 	/System/Library/Frameworks/OpenDirectory.framework/Versions/A/Frameworks/CFOpenDirectory.framework/Versions/A/CFOpenDirectory
0x0000000000b6a000 	/System/Library/Frameworks/SecurityFoundation.framework/Versions/A/SecurityFoundation
0x0000000000b6a000 	/System/Library/PrivateFrameworks/APFS.framework/Versions/A/APFS
0x0000000000b6a000 	/usr/lib/libutil.dylib
0x0000000000b6a000 	/System/Library/PrivateFrameworks/AppleSauce.framework/Versions/A/AppleSauce
0x0000000000b6a000 	/System/Library/PrivateFrameworks/LinguisticData.framework/Versions/A/LinguisticData
0x0000000000b6a000 	/usr/lib/libmarisa.dylib
0x0000000000b6a000 	/System/Library/PrivateFrameworks/Lexicon.framework/Versions/A/Lexicon
0x0000000000b6a000 	/usr/lib/libChineseTokenizer.dylib
0x0000000000b6a000 	/usr/lib/libcmph.dylib
0x0000000000b6a000 	/System/Library/PrivateFrameworks/LanguageModeling.framework/Versions/A/LanguageModeling
0x0000000000b6a000 	/System/Library/PrivateFrameworks/CoreEmoji.framework/Versions/A/CoreEmoji
0x0000000000b6a000 	/System/Library/Frameworks/ServiceManagement.framework/Versions/A/ServiceManagement
0x0000000000b6a000 	/System/Library/PrivateFrameworks/BackgroundTaskManagement.framework/Versions/A/BackgroundTaskManagement
0x0000000000b6a000 	/usr/lib/libxslt.1.dylib
0x0000000000b6a000 	/System/Library/Frameworks/Carbon.framework/Versions/A/Frameworks/Ink.framework/Versions/A/Ink
0x0000000000b6a000 	/System/Library/PrivateFrameworks/TextureIO.framework/Versions/A/TextureIO
0x0000000000b6a000 	/usr/lib/libate.dylib
0x0000000000b6a000 	/System/Library/PrivateFrameworks/CrashReporterSupport.framework/Versions/A/CrashReporterSupport
0x0000000000b6a000 	/System/Library/PrivateFrameworks/Sharing.framework/Versions/A/Sharing
0x0000000000b6a000 	/System/Library/PrivateFrameworks/IconServices.framework/Versions/A/IconServices
0x0000000000b6a000 	/System/Library/PrivateFrameworks/AuthKit.framework/Versions/A/AuthKit
0x0000000000b6a000 	/System/Library/PrivateFrameworks/Apple80211.framework/Versions/A/Apple80211
0x0000000000b6a000 	/System/Library/PrivateFrameworks/CoreUtils.framework/Versions/A/CoreUtils
0x0000000000b6a000 	/System/Library/Frameworks/CoreWLAN.framework/Versions/A/CoreWLAN
0x0000000000b6a000 	/System/Library/Frameworks/IOBluetooth.framework/Versions/A/IOBluetooth
0x0000000000b6a000 	/System/Library/PrivateFrameworks/ProtocolBuffer.framework/Versions/A/ProtocolBuffer
0x0000000000b6a000 	/System/Library/PrivateFrameworks/MobileKeyBag.framework/Versions/A/MobileKeyBag
0x0000000000b6a000 	/System/Library/PrivateFrameworks/CorePhoneNumbers.framework/Versions/A/CorePhoneNumbers
0x0000000000b6a000 	/System/Library/PrivateFrameworks/AppleIDAuthSupport.framework/Versions/A/AppleIDAuthSupport
0x0000000000b6a000 	/System/Library/PrivateFrameworks/KeychainCircle.framework/Versions/A/KeychainCircle
0x0000000000b6a000 	/System/Library/PrivateFrameworks/CoreWiFi.framework/Versions/A/CoreWiFi
0x0000000000b6a000 	/System/Library/Frameworks/CoreBluetooth.framework/Versions/A/CoreBluetooth
0x0000000000b6a000 	/System/Library/PrivateFrameworks/DebugSymbols.framework/Versions/A/DebugSymbols
0x0000000000b6a000 	/System/Library/PrivateFrameworks/CoreSymbolication.framework/Versions/A/CoreSymbolication
0x0000000000b6a000 	/System/Library/PrivateFrameworks/Symbolication.framework/Versions/A/Symbolication
0x0000000000b6a000 	/System/Library/PrivateFrameworks/AppleFSCompression.framework/Versions/A/AppleFSCompression
0x0000000000b6a000 	/System/Library/PrivateFrameworks/SpeechRecognitionCore.framework/Versions/A/SpeechRecognitionCore
0x0000000000b6a000 	/System/Library/CoreServices/Encodings/libSimplifiedChineseConverter.dylib
0x0000000105e00000 	/Library/Java/JavaVirtualMachines/jdk1.8.0_45.jdk/Contents/Home/jre/lib/server/libjvm.dylib
0x0000000000b6a000 	/usr/lib/libstdc++.6.0.9.dylib
0x00000001054b5000 	/Library/Java/JavaVirtualMachines/jdk1.8.0_45.jdk/Contents/Home/jre/lib/libverify.dylib
0x00000001054c3000 	/Library/Java/JavaVirtualMachines/jdk1.8.0_45.jdk/Contents/Home/jre/lib/libjava.dylib
0x0000000105542000 	/Library/Java/JavaVirtualMachines/jdk1.8.0_45.jdk/Contents/Home/jre/lib/libzip.dylib
0x0000000000b6a000 	/System/Library/Frameworks/JavaVM.framework/Versions/A/Frameworks/JavaRuntimeSupport.framework/Versions/A/JavaRuntimeSupport
0x0000000000b6a000 	/System/Library/Frameworks/JavaVM.framework/Versions/A/Frameworks/JavaNativeFoundation.framework/Versions/A/JavaNativeFoundation
0x0000000000b6a000 	/System/Library/Frameworks/JavaVM.framework/Versions/A/JavaVM
0x0000000000b6a000 	/System/Library/Frameworks/Carbon.framework/Versions/A/Carbon
0x0000000000b6a000 	/System/Library/PrivateFrameworks/JavaLaunching.framework/Versions/A/JavaLaunching
0x0000000000b6a000 	/System/Library/Frameworks/Carbon.framework/Versions/A/Frameworks/CommonPanels.framework/Versions/A/CommonPanels
0x0000000000b6a000 	/System/Library/Frameworks/Carbon.framework/Versions/A/Frameworks/Help.framework/Versions/A/Help
0x0000000000b6a000 	/System/Library/Frameworks/Carbon.framework/Versions/A/Frameworks/ImageCapture.framework/Versions/A/ImageCapture
0x0000000000b6a000 	/System/Library/Frameworks/Carbon.framework/Versions/A/Frameworks/OpenScripting.framework/Versions/A/OpenScripting
0x0000000000b6a000 	/System/Library/Frameworks/Carbon.framework/Versions/A/Frameworks/Print.framework/Versions/A/Print
0x0000000000b6a000 	/System/Library/Frameworks/Carbon.framework/Versions/A/Frameworks/SecurityHI.framework/Versions/A/SecurityHI
0x000000010f0cc000 	/Library/Java/JavaVirtualMachines/jdk1.8.0_45.jdk/Contents/Home/jre/lib/libawt.dylib
0x000000010f174000 	/Library/Java/JavaVirtualMachines/jdk1.8.0_45.jdk/Contents/Home/jre/lib/./libmlib_image.dylib
0x000000010f240000 	/Library/Java/JavaVirtualMachines/jdk1.8.0_45.jdk/Contents/Home/jre/lib/libawt_lwawt.dylib
0x000000010f2f4000 	/Library/Java/JavaVirtualMachines/jdk1.8.0_45.jdk/Contents/Home/jre/lib/./libosxapp.dylib
0x0000000000b6a000 	/System/Library/Frameworks/ExceptionHandling.framework/Versions/A/ExceptionHandling
0x0000000000b6a000 	/System/Library/PrivateFrameworks/CoreServicesInternal.framework/Versions/A/CoreServicesInternal
0x0000000000b6a000 	/System/Library/CoreServices/RawCamera.bundle/Contents/MacOS/RawCamera
0x0000000000b6a000 	/System/Library/PrivateFrameworks/MobileAsset.framework/Versions/A/MobileAsset
0x0000000000b6a000 	/System/Library/PrivateFrameworks/StreamingZip.framework/Versions/A/StreamingZip
0x0000000000b6a000 	/System/Library/Frameworks/MediaToolbox.framework/Versions/A/MediaToolbox
0x0000000000b6a000 	/System/Library/PrivateFrameworks/CoreAVCHD.framework/Versions/A/CoreAVCHD
0x0000000000b6a000 	/System/Library/Frameworks/MediaAccessibility.framework/Versions/A/MediaAccessibility
0x0000000000b6a000 	/System/Library/PrivateFrameworks/Mangrove.framework/Versions/A/Mangrove
0x0000000000b6a000 	/System/Library/Frameworks/CoreMedia.framework/Versions/A/CoreMedia
0x0000000000b6a000 	/System/Library/Frameworks/VideoToolbox.framework/Versions/A/VideoToolbox
0x0000000000b6a000 	/System/Library/PrivateFrameworks/CoreAUC.framework/Versions/A/CoreAUC
0x0000000000b6a000 	/usr/lib/libspindump.dylib
0x0000000000b6a000 	/System/Library/PrivateFrameworks/AppleVA.framework/Versions/A/AppleVA
0x0000000000b6a000 	/System/Library/Frameworks/Accelerate.framework/Versions/A/Frameworks/vImage.framework/Versions/A/Libraries/libCGInterfaces.dylib
0x0000000000b6a000 	/System/Library/Frameworks/ApplicationServices.framework/Versions/A/Frameworks/ATS.framework/Versions/A/Resources/libTrueTypeScaler.dylib
0x0000000000b6a000 	/System/Library/Extensions/AppleIntelBDWGraphicsMTLDriver.bundle/Contents/MacOS/AppleIntelBDWGraphicsMTLDriver
0x0000000000b6a000 	/System/Library/PrivateFrameworks/GPUCompiler.framework/Versions/3802/Libraries/libmetal_timestamp.dylib
0x0000000000b6a000 	/System/Library/PrivateFrameworks/FamilyControls.framework/Versions/A/FamilyControls
0x0000000000b6a000 	/System/Library/PrivateFrameworks/CommerceKit.framework/Versions/A/Frameworks/CommerceCore.framework/Versions/A/CommerceCore
0x0000000000b6a000 	/System/Library/PrivateFrameworks/SystemAdministration.framework/Versions/A/SystemAdministration
0x0000000000b6a000 	/System/Library/PrivateFrameworks/AppContainer.framework/Versions/A/AppContainer
0x0000000000b6a000 	/System/Library/PrivateFrameworks/SecCodeWrapper.framework/Versions/A/SecCodeWrapper
0x0000000000b6a000 	/System/Library/PrivateFrameworks/DiskManagement.framework/Versions/A/DiskManagement
0x0000000000b6a000 	/System/Library/Frameworks/DirectoryService.framework/Versions/A/DirectoryService
0x0000000000b6a000 	/System/Library/PrivateFrameworks/DiskImages.framework/Versions/A/DiskImages
0x0000000000b6a000 	/System/Library/PrivateFrameworks/LoginUIKit.framework/Versions/A/Frameworks/LoginUICore.framework/Versions/A/LoginUICore
0x0000000000b6a000 	/usr/lib/libCoreStorage.dylib
0x0000000000b6a000 	/usr/lib/libcsfde.dylib
0x0000000000b6a000 	/usr/lib/libodfde.dylib
0x0000000000b6a000 	/System/Library/PrivateFrameworks/MediaKit.framework/Versions/A/MediaKit
0x0000000000b6a000 	/System/Library/Frameworks/DiscRecording.framework/Versions/A/DiscRecording
0x0000000000b6a000 	/System/Library/PrivateFrameworks/EFILogin.framework/Versions/A/EFILogin
0x0000000000b6a000 	/System/Library/PrivateFrameworks/ProtectedCloudStorage.framework/Versions/A/ProtectedCloudStorage
0x0000000000b6a000 	/usr/lib/libcurl.4.dylib
0x0000000000b6a000 	/usr/lib/libcrypto.35.dylib
0x0000000000b6a000 	/usr/lib/libssl.35.dylib
0x0000000000b6a000 	/System/Library/Frameworks/LDAP.framework/Versions/A/LDAP
0x0000000000b6a000 	/System/Library/PrivateFrameworks/TrustEvaluationAgent.framework/Versions/A/TrustEvaluationAgent
0x0000000000b6a000 	/usr/lib/libsasl2.2.dylib
0x0000000000b6a000 	/System/Library/PrivateFrameworks/CoreDaemon.framework/Versions/B/CoreDaemon
0x0000000000b6a000 	/System/Library/PrivateFrameworks/AppleSRP.framework/Versions/A/AppleSRP
0x0000000000b6a000 	/System/Library/PrivateFrameworks/ViewBridge.framework/Versions/A/ViewBridge
0x000000011061d000 	/Library/Java/JavaVirtualMachines/jdk1.8.0_45.jdk/Contents/Home/jre/lib/libjpeg.dylib
0x000000011064a000 	/Library/Java/JavaVirtualMachines/jdk1.8.0_45.jdk/Contents/Home/jre/lib/liblcms.dylib
0x000000010f99e000 	/private/var/folders/v7/9371nmnd7933l2kpfx1l2l6m0000gn/T/jna-3198500/jna3690609876709712661.tmp
0x00000001124e8000 	/usr/local/lib/libtesseract.dylib
0x0000000112a35000 	/usr/local/opt/leptonica/lib/liblept.4.dylib
0x000000011069d000 	/usr/local/opt/libpng/lib/libpng16.16.dylib
0x00000001106c8000 	/usr/local/opt/jpeg/lib/libjpeg.8.dylib
0x0000000111e5b000 	/usr/local/opt/libtiff/lib/libtiff.5.dylib
0x00000001106fd000 	/Library/Java/JavaVirtualMachines/jdk1.8.0_45.jdk/Contents/Home/jre/lib/libnio.dylib
0x0000000111ec0000 	/Library/Java/JavaVirtualMachines/jdk1.8.0_45.jdk/Contents/Home/jre/lib/./libnet.dylib

VM Arguments:
jvm_args: -Djava.library.path=/Users/hecj/Downloads/Tess4J/lib/win32-x86-64 -Dfile.encoding=UTF-8 
java_command: test.Tess4jUtils
java_class_path (initial): /Library/Java/JavaVirtualMachines/jdk1.8.0_45.jdk/Contents/Home/jre/lib/resources.jar:/Library/Java/JavaVirtualMachines/jdk1.8.0_45.jdk/Contents/Home/jre/lib/rt.jar:/Library/Java/JavaVirtualMachines/jdk1.8.0_45.jdk/Contents/Home/jre/lib/jsse.jar:/Library/Java/JavaVirtualMachines/jdk1.8.0_45.jdk/Contents/Home/jre/lib/jce.jar:/Library/Java/JavaVirtualMachines/jdk1.8.0_45.jdk/Contents/Home/jre/lib/charsets.jar:/Library/Java/JavaVirtualMachines/jdk1.8.0_45.jdk/Contents/Home/jre/lib/jfr.jar:/Library/Java/JavaVirtualMachines/jdk1.8.0_45.jdk/Contents/Home/jre/lib/ext/sunec.jar:/Library/Java/JavaVirtualMachines/jdk1.8.0_45.jdk/Contents/Home/jre/lib/ext/nashorn.jar:/Library/Java/JavaVirtualMachines/jdk1.8.0_45.jdk/Contents/Home/jre/lib/ext/cldrdata.jar:/Library/Java/JavaVirtualMachines/jdk1.8.0_45.jdk/Contents/Home/jre/lib/ext/jfxrt.jar:/Library/Java/JavaVirtualMachines/jdk1.8.0_45.jdk/Contents/Home/jre/lib/ext/dnsns.jar:/Library/Java/JavaVirtualMachines/jdk1.8.0_45.jdk/Contents/Home/jre/lib/ext/localedata.jar:/Library/Java/JavaVirtualMachines/jdk1.8.0_45.jdk/Contents/Home/jre/lib/ext/sunjce_provider.jar:/Library/Java/JavaVirtualMachines/jdk1.8.0_45.jdk/Contents/Home/jre/lib/ext/sunpkcs11.jar:/Library/Java/JavaVirtualMachines/jdk1.8.0_45.jdk/Contents/Home/jre/lib/ext/zipfs.jar:/System/Library/Java/Extensions/MRJToolkit.jar:/Users/hecj/eclipse-workspace/Tess4J/bin:/Users/hecj/eclipse-workspace/Tess4J/lib/commons-beanutils-1.9.2.jar:/Users/hecj/eclipse-workspace/Tess4J/lib/commons-io-2.6.jar:/Users/hecj/eclipse-workspace/Tess4J/lib/commons-logging-1.2.jar:/Users/hecj/eclipse-workspace/Tess4J/lib/fontbox-2.0.9.jar:/Users/hecj/eclipse-workspace/Tess4J/lib/ghost4j-1.0.1.jar:/Users/hecj/eclipse-workspace/Tess4J/lib/hamcrest-core-1.3.jar:/Users/hecj/eclipse-workspace/Tess4J/lib/itext-2.1.7.jar:/Users/hecj/eclipse-workspace/Tess4J/lib/jai-imageio-core-1.4.0.jar:/Users/hecj/eclipse-workspace/Tess4J/lib/jbig2-imageio-3.0.0.jar:/Users/hecj/eclipse-workspace
Launcher Type: SUN_STANDARD

Environment Variables:
PATH=/usr/bin:/bin:/usr/sbin:/sbin
SHELL=/bin/bash

Signal Handlers:
SIGSEGV: [libjvm.dylib+0x58ef95], sa_mask[0]=11111111011111110111111111111111, sa_flags=SA_ONSTACK|SA_RESTART|SA_SIGINFO
SIGBUS: [libjvm.dylib+0x58ef95], sa_mask[0]=11111111011111110111111111111111, sa_flags=SA_RESTART|SA_SIGINFO
SIGFPE: [libjvm.dylib+0x46c108], sa_mask[0]=11111111011111110111111111111111, sa_flags=SA_RESTART|SA_SIGINFO
SIGPIPE: [libjvm.dylib+0x46c108], sa_mask[0]=11111111011111110111111111111111, sa_flags=SA_RESTART|SA_SIGINFO
SIGXFSZ: [libjvm.dylib+0x46c108], sa_mask[0]=11111111011111110111111111111111, sa_flags=SA_RESTART|SA_SIGINFO
SIGILL: [libjvm.dylib+0x46c108], sa_mask[0]=11111111011111110111111111111111, sa_flags=SA_RESTART|SA_SIGINFO
SIGUSR1: SIG_DFL, sa_mask[0]=00000000000000000000000000000000, sa_flags=none
SIGUSR2: [libjvm.dylib+0x46bc26], sa_mask[0]=00100000000000000000000000000000, sa_flags=SA_RESTART|SA_SIGINFO
SIGHUP: [libjvm.dylib+0x46a1f9], sa_mask[0]=11111111011111110111111111111111, sa_flags=SA_RESTART|SA_SIGINFO
SIGINT: [libjvm.dylib+0x46a1f9], sa_mask[0]=11111111011111110111111111111111, sa_flags=SA_RESTART|SA_SIGINFO
SIGTERM: [libjvm.dylib+0x46a1f9], sa_mask[0]=11111111011111110111111111111111, sa_flags=SA_RESTART|SA_SIGINFO
SIGQUIT: [libjvm.dylib+0x46a1f9], sa_mask[0]=11111111011111110111111111111111, sa_flags=SA_RESTART|SA_SIGINFO


---------------  S Y S T E M  ---------------

OS:Bsduname:Darwin 17.7.0 Darwin Kernel Version 17.7.0: Thu Jun 21 22:53:14 PDT 2018; root:xnu-4570.71.2~1/RELEASE_X86_64 x86_64
rlimit: STACK 8192k, CORE 0k, NPROC 709, NOFILE 10240, AS infinity
load average:2.83 2.61 3.07

CPU:total 4 (2 cores per cpu, 2 threads per core) family 6 model 61 stepping 4, cmov, cx8, fxsr, mmx, sse, sse2, sse3, ssse3, sse4.1, sse4.2, popcnt, avx, avx2, aes, clmul, erms, 3dnowpref, lzcnt, ht, tsc, tscinvbit, bmi1, bmi2, adx

Memory: 4k page, physical 8388608k(359024k free)

/proc/meminfo:


vm_info: Java HotSpot(TM) 64-Bit Server VM (25.45-b02) for bsd-amd64 JRE (1.8.0_45-b14), built on Apr 10 2015 10:46:38 by "java_re" with gcc 4.2.1 (Based on Apple Inc. build 5658) (LLVM build 2336.11.00)

time: Mon Aug 13 11:27:08 2018
elapsed time: 2 seconds (0d 0h 0m 2s)

